app/build/intermediates/manifest_merge_blame_file/debug/manifest-merger-blame-debug-report.txt
1<?xml version="1.0" encoding="utf-8"?>
2<manifest xmlns:android="http://schemas.android.com/apk/res/android"
3    package="com.leafstudio.tvplayer"
4    android:versionCode="19"
5    android:versionName="2.1.7" >
6
7    <uses-sdk
8        android:minSdkVersion="21"
9        android:targetSdkVersion="34" />
10
11    <!-- Required permissions -->
12    <uses-permission android:name="android.permission.INTERNET" />
12-->src/main/AndroidManifest.xml:6:5-67
12-->src/main/AndroidManifest.xml:6:22-64
13    <uses-permission android:name="android.permission.ACCESS_NETWORK_STATE" />
13-->src/main/AndroidManifest.xml:7:5-79
13-->src/main/AndroidManifest.xml:7:22-76
14    <uses-permission android:name="android.permission.ACCESS_COARSE_LOCATION" />
14-->src/main/AndroidManifest.xml:8:5-81
14-->src/main/AndroidManifest.xml:8:22-78
15    <uses-permission android:name="android.permission.ACCESS_FINE_LOCATION" />
15-->src/main/AndroidManifest.xml:9:5-79
15-->src/main/AndroidManifest.xml:9:22-76
16
17    <!-- Declare this is a TV app (but optional for phones) -->
18    <uses-feature
18-->src/main/AndroidManifest.xml:12:5-14:36
19        android:name="android.hardware.touchscreen"
19-->src/main/AndroidManifest.xml:13:9-52
20        android:required="false" />
20-->src/main/AndroidManifest.xml:14:9-33
21    <uses-feature
21-->src/main/AndroidManifest.xml:15:5-17:36
22        android:name="android.software.leanback"
22-->src/main/AndroidManifest.xml:16:9-49
23        android:required="false" />
23-->src/main/AndroidManifest.xml:17:9-33
24
25    <uses-permission android:name="android.permission.REQUEST_INSTALL_PACKAGES" />
25-->src/main/AndroidManifest.xml:19:5-83
25-->src/main/AndroidManifest.xml:19:22-80
26    <uses-permission android:name="android.permission.WRITE_EXTERNAL_STORAGE" />
26-->src/main/AndroidManifest.xml:20:5-81
26-->src/main/AndroidManifest.xml:20:22-78
27
28    <permission
28-->[androidx.core:core:1.12.0] AndroidManifest.xml:22:5-24:47
29        android:name="com.leafstudio.tvplayer.DYNAMIC_RECEIVER_NOT_EXPORTED_PERMISSION"
29-->[androidx.core:core:1.12.0] AndroidManifest.xml:23:9-81
30        android:protectionLevel="signature" />
30-->[androidx.core:core:1.12.0] AndroidManifest.xml:24:9-44
31
32    <uses-permission android:name="com.leafstudio.tvplayer.DYNAMIC_RECEIVER_NOT_EXPORTED_PERMISSION" />
32-->[androidx.core:core:1.12.0] AndroidManifest.xml:26:5-97
32-->[androidx.core:core:1.12.0] AndroidManifest.xml:26:22-94
33
34    <application
34-->src/main/AndroidManifest.xml:22:5-84:19
35        android:allowBackup="true"
35-->src/main/AndroidManifest.xml:23:9-35
36        android:appComponentFactory="androidx.core.app.CoreComponentFactory"
36-->[androidx.core:core:1.12.0] AndroidManifest.xml:28:18-86
37        android:banner="@drawable/app_banner"
37-->src/main/AndroidManifest.xml:26:9-46
38        android:debuggable="true"
39        android:extractNativeLibs="true"
40        android:icon="@mipmap/ic_launcher"
40-->src/main/AndroidManifest.xml:24:9-43
41        android:label="@string/app_name"
41-->src/main/AndroidManifest.xml:25:9-41
42        android:networkSecurityConfig="@xml/network_security_config"
42-->src/main/AndroidManifest.xml:30:9-69
43        android:supportsRtl="true"
43-->src/main/AndroidManifest.xml:27:9-35
44        android:theme="@style/Theme.LeafStudioTVPlayer"
44-->src/main/AndroidManifest.xml:28:9-56
45        android:usesCleartextTraffic="true" >
45-->src/main/AndroidManifest.xml:29:9-44
46        <provider
47            android:name="androidx.core.content.FileProvider"
47-->src/main/AndroidManifest.xml:34:13-62
48            android:authorities="com.leafstudio.tvplayer.fileprovider"
48-->src/main/AndroidManifest.xml:35:13-64
49            android:exported="false"
49-->src/main/AndroidManifest.xml:36:13-37
50            android:grantUriPermissions="true" >
50-->src/main/AndroidManifest.xml:37:13-47
51            <meta-data
51-->src/main/AndroidManifest.xml:38:13-40:54
52                android:name="android.support.FILE_PROVIDER_PATHS"
52-->src/main/AndroidManifest.xml:39:17-67
53                android:resource="@xml/file_paths" />
53-->src/main/AndroidManifest.xml:40:17-51
54        </provider>
55
56        <!-- Main launcher activity - routes to appropriate UI -->
57        <activity
57-->src/main/AndroidManifest.xml:44:9-56:20
58            android:name="com.leafstudio.tvplayer.MainActivity"
58-->src/main/AndroidManifest.xml:45:13-41
59            android:exported="true"
59-->src/main/AndroidManifest.xml:46:13-36
60            android:screenOrientation="sensorLandscape"
60-->src/main/AndroidManifest.xml:47:13-56
61            android:theme="@android:style/Theme.Translucent.NoTitleBar.Fullscreen" >
61-->src/main/AndroidManifest.xml:48:13-83
62            <intent-filter>
62-->src/main/AndroidManifest.xml:49:13-55:29
63                <action android:name="android.intent.action.MAIN" />
63-->src/main/AndroidManifest.xml:50:17-69
63-->src/main/AndroidManifest.xml:50:25-66
64                <!-- Regular phone launcher -->
65                <category android:name="android.intent.category.LAUNCHER" />
65-->src/main/AndroidManifest.xml:52:17-77
65-->src/main/AndroidManifest.xml:52:27-74
66                <!-- TV launcher -->
67                <category android:name="android.intent.category.LEANBACK_LAUNCHER" />
67-->src/main/AndroidManifest.xml:54:17-86
67-->src/main/AndroidManifest.xml:54:27-83
68            </intent-filter>
69        </activity>
70
71        <!-- Phone UI Activity -->
72        <activity
72-->src/main/AndroidManifest.xml:59:9-62:63
73            android:name="com.leafstudio.tvplayer.PhoneMainActivity"
73-->src/main/AndroidManifest.xml:60:13-46
74            android:exported="false"
74-->src/main/AndroidManifest.xml:61:13-37
75            android:theme="@style/Theme.LeafStudioTVPlayer" />
75-->src/main/AndroidManifest.xml:62:13-60
76
77        <!-- TV UI Activity -->
78        <activity
78-->src/main/AndroidManifest.xml:65:9-68:53
79            android:name="com.leafstudio.tvplayer.TvMainActivity"
79-->src/main/AndroidManifest.xml:66:13-43
80            android:exported="false"
80-->src/main/AndroidManifest.xml:67:13-37
81            android:theme="@style/Theme.Leanback" />
81-->src/main/AndroidManifest.xml:68:13-50
82
83        <!-- Playback activity -->
84        <activity
84-->src/main/AndroidManifest.xml:71:9-75:66
85            android:name="com.leafstudio.tvplayer.PlaybackActivity"
85-->src/main/AndroidManifest.xml:72:13-45
86            android:exported="false"
86-->src/main/AndroidManifest.xml:73:13-37
87            android:screenOrientation="sensorLandscape"
87-->src/main/AndroidManifest.xml:74:13-56
88            android:theme="@style/Theme.AppCompat.NoActionBar" />
88-->src/main/AndroidManifest.xml:75:13-63
89
90        <!-- Media activity -->
91        <activity
91-->src/main/AndroidManifest.xml:78:9-82:66
92            android:name="com.leafstudio.tvplayer.MediaActivity"
92-->src/main/AndroidManifest.xml:79:13-42
93            android:exported="false"
93-->src/main/AndroidManifest.xml:80:13-37
94            android:screenOrientation="sensorLandscape"
94-->src/main/AndroidManifest.xml:81:13-56
95            android:theme="@style/Theme.AppCompat.NoActionBar" />
95-->src/main/AndroidManifest.xml:82:13-63
96
97        <provider
97-->[androidx.emoji2:emoji2:1.2.0] AndroidManifest.xml:24:9-32:20
98            android:name="androidx.startup.InitializationProvider"
98-->[androidx.emoji2:emoji2:1.2.0] AndroidManifest.xml:25:13-67
99            android:authorities="com.leafstudio.tvplayer.androidx-startup"
99-->[androidx.emoji2:emoji2:1.2.0] AndroidManifest.xml:26:13-68
100            android:exported="false" >
100-->[androidx.emoji2:emoji2:1.2.0] AndroidManifest.xml:27:13-37
101            <meta-data
101-->[androidx.emoji2:emoji2:1.2.0] AndroidManifest.xml:29:13-31:52
102                android:name="androidx.emoji2.text.EmojiCompatInitializer"
102-->[androidx.emoji2:emoji2:1.2.0] AndroidManifest.xml:30:17-75
103                android:value="androidx.startup" />
103-->[androidx.emoji2:emoji2:1.2.0] AndroidManifest.xml:31:17-49
104            <meta-data
104-->[androidx.lifecycle:lifecycle-process:2.6.2] AndroidManifest.xml:29:13-31:52
105                android:name="androidx.lifecycle.ProcessLifecycleInitializer"
105-->[androidx.lifecycle:lifecycle-process:2.6.2] AndroidManifest.xml:30:17-78
106                android:value="androidx.startup" />
106-->[androidx.lifecycle:lifecycle-process:2.6.2] AndroidManifest.xml:31:17-49
107            <meta-data
107-->[androidx.profileinstaller:profileinstaller:1.3.0] AndroidManifest.xml:29:13-31:52
108                android:name="androidx.profileinstaller.ProfileInstallerInitializer"
108-->[androidx.profileinstaller:profileinstaller:1.3.0] AndroidManifest.xml:30:17-85
109                android:value="androidx.startup" />
109-->[androidx.profileinstaller:profileinstaller:1.3.0] AndroidManifest.xml:31:17-49
110        </provider>
111
112        <receiver
112-->[androidx.profileinstaller:profileinstaller:1.3.0] AndroidManifest.xml:34:9-52:20
113            android:name="androidx.profileinstaller.ProfileInstallReceiver"
113-->[androidx.profileinstaller:profileinstaller:1.3.0] AndroidManifest.xml:35:13-76
114            android:directBootAware="false"
114-->[androidx.profileinstaller:profileinstaller:1.3.0] AndroidManifest.xml:36:13-44
115            android:enabled="true"
115-->[androidx.profileinstaller:profileinstaller:1.3.0] AndroidManifest.xml:37:13-35
116            android:exported="true"
116-->[androidx.profileinstaller:profileinstaller:1.3.0] AndroidManifest.xml:38:13-36
117            android:permission="android.permission.DUMP" >
117-->[androidx.profileinstaller:profileinstaller:1.3.0] AndroidManifest.xml:39:13-57
118            <intent-filter>
118-->[androidx.profileinstaller:profileinstaller:1.3.0] AndroidManifest.xml:40:13-42:29
119                <action android:name="androidx.profileinstaller.action.INSTALL_PROFILE" />
119-->[androidx.profileinstaller:profileinstaller:1.3.0] AndroidManifest.xml:41:17-91
119-->[androidx.profileinstaller:profileinstaller:1.3.0] AndroidManifest.xml:41:25-88
120            </intent-filter>
121            <intent-filter>
121-->[androidx.profileinstaller:profileinstaller:1.3.0] AndroidManifest.xml:43:13-45:29
122                <action android:name="androidx.profileinstaller.action.SKIP_FILE" />
122-->[androidx.profileinstaller:profileinstaller:1.3.0] AndroidManifest.xml:44:17-85
122-->[androidx.profileinstaller:profileinstaller:1.3.0] AndroidManifest.xml:44:25-82
123            </intent-filter>
124            <intent-filter>
124-->[androidx.profileinstaller:profileinstaller:1.3.0] AndroidManifest.xml:46:13-48:29
125                <action android:name="androidx.profileinstaller.action.SAVE_PROFILE" />
125-->[androidx.profileinstaller:profileinstaller:1.3.0] AndroidManifest.xml:47:17-88
125-->[androidx.profileinstaller:profileinstaller:1.3.0] AndroidManifest.xml:47:25-85
126            </intent-filter>
127            <intent-filter>
127-->[androidx.profileinstaller:profileinstaller:1.3.0] AndroidManifest.xml:49:13-51:29
128                <action android:name="androidx.profileinstaller.action.BENCHMARK_OPERATION" />
128-->[androidx.profileinstaller:profileinstaller:1.3.0] AndroidManifest.xml:50:17-95
128-->[androidx.profileinstaller:profileinstaller:1.3.0] AndroidManifest.xml:50:25-92
129            </intent-filter>
130        </receiver>
131    </application>
132
133</manifest>